<?xml version="1.0" encoding="UTF-8"?>
<!-- Generated by org.testng.reporters.JUnitXMLReporter -->
<testsuite ignored="0" hostname="DESKTOP-6PQAFCJ" failures="0" tests="3" name="OrangeHRM" time="71.854" errors="0" timestamp="2024-04-07T00:55:11 IST">
  <testcase classname="FunctionalTests.LoginTest" name="LoginToApp" time="8.359"/>
  <testcase classname="FunctionalTests.PIMManageTest" name="manageEmp" time="20.664"/>
  <testcase classname="FunctionalTests.AdminManageTest" name="manageAdminUser" time="28.746"/>
</testsuite> <!-- OrangeHRM -->
